<?xml version="1.0" encoding="UTF-8"?>
<testng-results skipped="0" failed="0" ignored="0" total="1" passed="1">
  <reporter-output>
  </reporter-output>
  <suite name="tests.CheckTest" duration-ms="20559" started-at="2018-06-14T07:47:36Z" finished-at="2018-06-14T07:47:57Z">
    <groups>
    </groups>
    <test name="Command line test" duration-ms="20559" started-at="2018-06-14T07:47:36Z" finished-at="2018-06-14T07:47:57Z">
      <class name="tests.CheckTest">
        <test-method status="PASS" signature="before()[pri:0, instance:tests.CheckTest@5f2050f6]" name="before" is-config="true" duration-ms="6177" started-at="2018-06-14T07:47:36Z" finished-at="2018-06-14T07:47:42Z">
          <reporter-output>
          </reporter-output>
        </test-method> <!-- before -->
        <test-method status="PASS" signature="myTest()[pri:0, instance:tests.CheckTest@5f2050f6]" name="myTest" duration-ms="13626" started-at="2018-06-14T07:47:43Z" finished-at="2018-06-14T07:47:56Z">
          <reporter-output>
          </reporter-output>
        </test-method> <!-- myTest -->
        <test-method status="PASS" signature="after()[pri:0, instance:tests.CheckTest@5f2050f6]" name="after" is-config="true" duration-ms="726" started-at="2018-06-14T07:47:56Z" finished-at="2018-06-14T07:47:57Z">
          <reporter-output>
          </reporter-output>
        </test-method> <!-- after -->
      </class> <!-- tests.CheckTest -->
    </test> <!-- Command line test -->
  </suite> <!-- tests.CheckTest -->
</testng-results>
